<?xml version="1.0" encoding="UTF-8"?>
<!-- Generated by org.testng.reporters.JUnitReportReporter -->
<testsuite hostname="DESKTOP-MQQN6CU" failures="0" tests="1" name="com.vtiger.OrgTest.CreateLeadsTest" time="0.010" errors="0" timestamp="2022-03-24T14:30:02 IST" skipped="0">
  <testcase classname="com.vtiger.OrgTest.CreateLeadsTest" name="createLeadTest" time="0.010"/>
  <system-out/>
</testsuite> <!-- com.vtiger.OrgTest.CreateLeadsTest -->
